<?xml version="1.0" encoding="UTF-8"?>
<!-- Generated by org.testng.reporters.JUnitXMLReporter -->
<testsuite hostname="Mayank-PC" ignored="0" name="Test" tests="10" failures="0" timestamp="12 Apr 2019 22:23:54 GMT" time="0.475" errors="0">
  <testcase name="af" time="0.009" classname="maventutorial.maven_learning.day3Test"/>
  <testcase name="homeLoan" time="0.013" classname="maventutorial.maven_learning.day1Test"/>
  <testcase name="carLoan1" time="0.015" classname="maventutorial.maven_learning.day2Test"/>
  <testcase name="carLoan" time="0.017" classname="maventutorial.maven_learning.day1Test"/>
  <testcase name="homeLoan1" time="0.019" classname="maventutorial.maven_learning.day2Test"/>
  <testcase name="test3" time="0.002" classname="maventutorial.maven_learning.day3Test"/>
  <testcase name="test2" time="0.006" classname="maventutorial.maven_learning.day3Test"/>
  <testcase name="afclass" time="0.015" classname="maventutorial.maven_learning.day3Test"/>
  <testcase name="runScenario" time="0.18" classname="cucumber.api.testng.AbstractTestNGCucumberTests"/>
  <testcase name="runScenario" time="0.003" classname="cucumber.api.testng.AbstractTestNGCucumberTests"/>
</testsuite> <!-- Test -->
