<?xml version="1.0" encoding="UTF-8"?>
<!-- Generated by org.testng.reporters.JUnitXMLReporter -->
<testsuite hostname="Mayank-PC" ignored="0" name="Test" tests="9" failures="0" timestamp="12 Apr 2019 22:35:11 GMT" time="0.638" errors="0">
  <testcase name="carLoan" time="0.017" classname="maventutorial.maven_learning.day2Test"/>
  <testcase name="carLoan" time="0.021" classname="maventutorial.maven_learning.day1Test"/>
  <testcase name="af" time="0.023" classname="maventutorial.maven_learning.day3Test"/>
  <testcase name="homeLoan" time="0.007" classname="maventutorial.maven_learning.day1Test"/>
  <testcase name="homeLoan" time="0.012" classname="maventutorial.maven_learning.day2Test"/>
  <testcase name="test2" time="0.007" classname="maventutorial.maven_learning.day3Test"/>
  <testcase name="test3" time="0.005" classname="maventutorial.maven_learning.day3Test"/>
  <testcase name="runScenario" time="0.252" classname="cucumber.api.testng.AbstractTestNGCucumberTests"/>
  <testcase name="runScenario" time="0.004" classname="cucumber.api.testng.AbstractTestNGCucumberTests"/>
</testsuite> <!-- Test -->
