<?xml version="1.0" encoding="UTF-8"?>
<!-- Generated by org.testng.reporters.JUnitXMLReporter -->
<testsuite hostname="Mayank-PC" ignored="0" name="Test" tests="5" failures="0" timestamp="04 May 2020 18:26:41 GMT" time="0.046" errors="0">
  <testcase name="carLoan" time="0.005" classname="maventutorial.maven_learning.day1Test"/>
  <testcase name="homeLoan" time="0.001" classname="maventutorial.maven_learning.day1Test"/>
  <testcase name="carLoan" time="0.001" classname="maventutorial.maven_learning.day2Test"/>
  <testcase name="homeLoan" time="0.001" classname="maventutorial.maven_learning.day2Test"/>
  <testcase name="af" time="0.002" classname="maventutorial.maven_learning.day3Test"/>
</testsuite> <!-- Test -->
