<?xml version="1.0" encoding="UTF-8"?>
<!-- Generated by org.testng.reporters.JUnitXMLReporter -->
<testsuite ignored="0" hostname="Mayank-PC" failures="0" tests="6" name="Test" time="0.521" errors="0" timestamp="12 Apr 2019 22:42:45 GMT">
  <testcase classname="maventutorial.maven_learning.day1Test" name="carLoan" time="0.006"/>
  <testcase classname="maventutorial.maven_learning.day1Test" name="homeLoan" time="0.0"/>
  <testcase classname="maventutorial.maven_learning.day2Test" name="carLoan1" time="0.0"/>
  <testcase classname="maventutorial.maven_learning.day2Test" name="homeLoan1" time="0.0"/>
  <testcase classname="cucumber.api.testng.AbstractTestNGCucumberTests" name="runScenario" time="0.24"/>
  <testcase classname="cucumber.api.testng.AbstractTestNGCucumberTests" name="runScenario" time="0.006"/>
</testsuite> <!-- Test -->
