<?xml version="1.0" encoding="UTF-8"?>
<!-- Generated by org.testng.reporters.JUnitXMLReporter -->
<testsuite ignored="0" hostname="Mayank-PC" failures="0" tests="7" name="Test" time="0.019" errors="0" timestamp="13 Apr 2019 19:06:58 GMT">
  <testcase classname="maventutorial.maven_learning.day1Test" name="carLoan" time="0.001"/>
  <testcase classname="maventutorial.maven_learning.day1Test" name="homeLoan" time="0.0"/>
  <testcase classname="maventutorial.maven_learning.day2Test" name="carLoan" time="0.001"/>
  <testcase classname="maventutorial.maven_learning.day2Test" name="homeLoan" time="0.0"/>
  <testcase classname="maventutorial.maven_learning.day3Test" name="af" time="0.0"/>
  <testcase classname="maventutorial.maven_learning.day3Test" name="test2" time="0.0"/>
  <testcase classname="maventutorial.maven_learning.day3Test" name="test3" time="0.001"/>
</testsuite> <!-- Test -->
