<?xml version="1.0" encoding="UTF-8"?>
<testsuite xmlns:xsi="http://www.w3.org/2001/XMLSchema-instance" xsi:noNamespaceSchemaLocation="https://maven.apache.org/surefire/maven-surefire-plugin/xsd/surefire-test-report-3.0.xsd" version="3.0" name="TestSuite" time="1.701" tests="6" errors="0" skipped="0" failures="0">
  <properties>
[...]
</properties>
  <testcase name="carLoan" classname="maventutorial.maven_learning.day1Test" time="0.008"/>
  <testcase name="homeLoan" classname="maventutorial.maven_learning.day1Test" time="0"/>
  <testcase name="carLoan1" classname="maventutorial.maven_learning.day2Test" time="0"/>
  <testcase name="homeLoan1" classname="maventutorial.maven_learning.day2Test" time="0"/>
  <testcase name="runScenario" classname="cucumberOptions.TestRunner" time="0.25"/>
  <testcase name="runScenario" classname="cucumberOptions.TestRunner" time="0.003"/>
</testsuite>