<?xml version="1.0" encoding="UTF-8"?>
<testng-results ignored="0" total="4" passed="4" failed="0" skipped="0">
  <reporter-output>
  </reporter-output>
  <suite started-at="2019-04-06T13:57:56Z" name="Suite" finished-at="2019-04-06T13:57:56Z" duration-ms="41">
    <groups>
    </groups>
    <test started-at="2019-04-06T13:57:56Z" name="Test" finished-at="2019-04-06T13:57:56Z" duration-ms="41">
      <class name="maventutorial.maven_learning.day1Test">
        <test-method signature="carLoan()[pri:0, instance:maventutorial.maven_learning.day1Test@24269709]" started-at="2019-04-06T13:57:56Z" name="carLoan" finished-at="2019-04-06T13:57:56Z" duration-ms="0" status="PASS">
          <reporter-output>
          </reporter-output>
        </test-method> <!-- carLoan -->
        <test-method signature="homeLoan()[pri:0, instance:maventutorial.maven_learning.day1Test@24269709]" started-at="2019-04-06T13:57:56Z" name="homeLoan" finished-at="2019-04-06T13:57:56Z" duration-ms="0" status="PASS">
          <reporter-output>
          </reporter-output>
        </test-method> <!-- homeLoan -->
      </class> <!-- maventutorial.maven_learning.day1Test -->
      <class name="maventutorial.maven_learning.day2Test">
        <test-method signature="carLoan1()[pri:0, instance:maventutorial.maven_learning.day2Test@7a8c8dcf]" started-at="2019-04-06T13:57:56Z" name="carLoan1" finished-at="2019-04-06T13:57:56Z" duration-ms="8" status="PASS">
          <reporter-output>
          </reporter-output>
        </test-method> <!-- carLoan1 -->
        <test-method signature="homeLoan1()[pri:0, instance:maventutorial.maven_learning.day2Test@7a8c8dcf]" started-at="2019-04-06T13:57:56Z" name="homeLoan1" finished-at="2019-04-06T13:57:56Z" duration-ms="0" status="PASS">
          <reporter-output>
          </reporter-output>
        </test-method> <!-- homeLoan1 -->
      </class> <!-- maventutorial.maven_learning.day2Test -->
    </test> <!-- Test -->
  </suite> <!-- Suite -->
</testng-results>
