<?xml version="1.0" encoding="UTF-8"?>
<testsuite xmlns:xsi="http://www.w3.org/2001/XMLSchema-instance" xsi:noNamespaceSchemaLocation="https://maven.apache.org/surefire/maven-surefire-plugin/xsd/surefire-test-report-3.0.xsd" version="3.0" name="TestSuite" time="0.967" tests="4" errors="0" skipped="0" failures="0">
  <properties>
[...]
</properties>
  <testcase name="carLoan1" classname="maventutorial.maven_learning.day2Test" time="0.007"/>
  <testcase name="homeLoan1" classname="maventutorial.maven_learning.day2Test" time="0.001"/>
  <testcase name="carLoan" classname="maventutorial.maven_learning.day1Test" time="0.002"/>
  <testcase name="homeLoan" classname="maventutorial.maven_learning.day1Test" time="0.001"/>
</testsuite>