<?xml version="1.0" encoding="UTF-8"?>
<testng-results skipped="0" failed="0" ignored="0" total="7" passed="7">
  <reporter-output>
  </reporter-output>
  <suite name="Suite" duration-ms="36" started-at="2019-04-13T16:01:25Z" finished-at="2019-04-13T16:01:25Z">
    <groups>
      <group name="smoke">
        <method signature="day3Test.af()[pri:0, instance:maventutorial.maven_learning.day3Test@57fffcd7]" name="af" class="maventutorial.maven_learning.day3Test"/>
        <method signature="day3Test.test2()[pri:0, instance:maventutorial.maven_learning.day3Test@57fffcd7]" name="test2" class="maventutorial.maven_learning.day3Test"/>
      </group> <!-- smoke -->
    </groups>
    <test name="Test" duration-ms="36" started-at="2019-04-13T16:01:25Z" finished-at="2019-04-13T16:01:25Z">
      <class name="maventutorial.maven_learning.day1Test">
        <test-method status="PASS" signature="homeLoan()[pri:0, instance:maventutorial.maven_learning.day1Test@31ef45e3]" name="homeLoan" duration-ms="0" started-at="2019-04-13T16:01:25Z" finished-at="2019-04-13T16:01:25Z">
          <reporter-output>
          </reporter-output>
        </test-method> <!-- homeLoan -->
        <test-method status="PASS" signature="carLoan()[pri:0, instance:maventutorial.maven_learning.day1Test@31ef45e3]" name="carLoan" duration-ms="0" started-at="2019-04-13T16:01:25Z" finished-at="2019-04-13T16:01:25Z">
          <reporter-output>
          </reporter-output>
        </test-method> <!-- carLoan -->
      </class> <!-- maventutorial.maven_learning.day1Test -->
      <class name="maventutorial.maven_learning.day2Test">
        <test-method status="PASS" signature="carLoan()[pri:0, instance:maventutorial.maven_learning.day2Test@598067a5]" name="carLoan" duration-ms="1" started-at="2019-04-13T16:01:25Z" finished-at="2019-04-13T16:01:25Z">
          <reporter-output>
          </reporter-output>
        </test-method> <!-- carLoan -->
        <test-method status="PASS" signature="homeLoan()[pri:0, instance:maventutorial.maven_learning.day2Test@598067a5]" name="homeLoan" duration-ms="0" started-at="2019-04-13T16:01:25Z" finished-at="2019-04-13T16:01:25Z">
          <reporter-output>
          </reporter-output>
        </test-method> <!-- homeLoan -->
      </class> <!-- maventutorial.maven_learning.day2Test -->
      <class name="maventutorial.maven_learning.day3Test">
        <test-method status="PASS" signature="beforeSuite()[pri:0, instance:maventutorial.maven_learning.day3Test@57fffcd7]" name="beforeSuite" is-config="true" duration-ms="15" started-at="2019-04-13T16:01:25Z" finished-at="2019-04-13T16:01:25Z">
          <reporter-output>
          </reporter-output>
        </test-method> <!-- beforeSuite -->
        <test-method status="PASS" signature="bfclass()[pri:0, instance:maventutorial.maven_learning.day3Test@57fffcd7]" name="bfclass" is-config="true" duration-ms="0" started-at="2019-04-13T16:01:25Z" finished-at="2019-04-13T16:01:25Z">
          <reporter-output>
          </reporter-output>
        </test-method> <!-- bfclass -->
        <test-method status="PASS" signature="bf()[pri:0, instance:maventutorial.maven_learning.day3Test@57fffcd7]" name="bf" is-config="true" duration-ms="0" started-at="2019-04-13T16:01:25Z" finished-at="2019-04-13T16:01:25Z">
          <reporter-output>
          </reporter-output>
        </test-method> <!-- bf -->
        <test-method status="PASS" signature="af()[pri:0, instance:maventutorial.maven_learning.day3Test@57fffcd7]" name="af" duration-ms="1" started-at="2019-04-13T16:01:25Z" finished-at="2019-04-13T16:01:25Z">
          <reporter-output>
          </reporter-output>
        </test-method> <!-- af -->
        <test-method status="PASS" signature="bf()[pri:0, instance:maventutorial.maven_learning.day3Test@57fffcd7]" name="bf" is-config="true" duration-ms="0" started-at="2019-04-13T16:01:25Z" finished-at="2019-04-13T16:01:25Z">
          <reporter-output>
          </reporter-output>
        </test-method> <!-- bf -->
        <test-method status="PASS" signature="test2()[pri:0, instance:maventutorial.maven_learning.day3Test@57fffcd7]" name="test2" duration-ms="1" started-at="2019-04-13T16:01:25Z" finished-at="2019-04-13T16:01:25Z">
          <reporter-output>
          </reporter-output>
        </test-method> <!-- test2 -->
        <test-method status="PASS" signature="bf()[pri:0, instance:maventutorial.maven_learning.day3Test@57fffcd7]" name="bf" is-config="true" duration-ms="1" started-at="2019-04-13T16:01:25Z" finished-at="2019-04-13T16:01:25Z">
          <reporter-output>
          </reporter-output>
        </test-method> <!-- bf -->
        <test-method status="PASS" signature="hjhj()[pri:0, instance:maventutorial.maven_learning.day3Test@57fffcd7]" name="hjhj" is-config="true" duration-ms="0" started-at="2019-04-13T16:01:25Z" finished-at="2019-04-13T16:01:25Z">
          <reporter-output>
          </reporter-output>
        </test-method> <!-- hjhj -->
        <test-method status="PASS" signature="test3()[pri:0, instance:maventutorial.maven_learning.day3Test@57fffcd7]" name="test3" duration-ms="0" started-at="2019-04-13T16:01:25Z" finished-at="2019-04-13T16:01:25Z">
          <reporter-output>
          </reporter-output>
        </test-method> <!-- test3 -->
        <test-method status="PASS" signature="afclass()[pri:0, instance:maventutorial.maven_learning.day3Test@57fffcd7]" name="afclass" is-config="true" duration-ms="0" started-at="2019-04-13T16:01:25Z" finished-at="2019-04-13T16:01:25Z">
          <reporter-output>
          </reporter-output>
        </test-method> <!-- afclass -->
        <test-method status="PASS" signature="afterSuite()[pri:0, instance:maventutorial.maven_learning.day3Test@57fffcd7]" name="afterSuite" is-config="true" duration-ms="0" started-at="2019-04-13T16:01:25Z" finished-at="2019-04-13T16:01:25Z">
          <reporter-output>
          </reporter-output>
        </test-method> <!-- afterSuite -->
      </class> <!-- maventutorial.maven_learning.day3Test -->
    </test> <!-- Test -->
  </suite> <!-- Suite -->
</testng-results>
